<?xml version="1.0" encoding="UTF-8"?>
<!-- Generated by org.testng.reporters.JUnitReportReporter -->
<testsuite hostname="DESKTOP-99DB7O1" failures="0" tests="1" name="com.crm.qa.testcases.HomePageTest" time="22.730" errors="0" timestamp="2021-07-20T14:46:52 IST" skipped="0">
  <testcase classname="com.crm.qa.testcases.HomePageTest" name="loginSuccess" time="22.730"/>
  <system-out/>
</testsuite> <!-- com.crm.qa.testcases.HomePageTest -->
