<?xml version="1.0" encoding="UTF-8"?>
<!-- Generated by org.testng.reporters.JUnitReportReporter -->
<testsuite hostname="DESKTOP-99DB7O1" failures="0" tests="1" name="com.crm.qa.testcases.HomePageTest" time="243.156" errors="0" timestamp="2021-07-19T14:10:27 IST" skipped="0">
  <testcase classname="com.crm.qa.testcases.HomePageTest" name="loginSuccess" time="243.156"/>
  <system-out/>
</testsuite> <!-- com.crm.qa.testcases.HomePageTest -->
