<?xml version="1.0" encoding="UTF-8"?>
<!-- Generated by org.testng.reporters.JUnitReportReporter -->
<testsuite hostname="DESKTOP-99DB7O1" failures="0" tests="2" name="com.crm.qa.testcases.LoginPageTestcase" time="22.280" errors="0" timestamp="2021-07-15T18:35:29 IST" skipped="0">
  <testcase classname="com.crm.qa.testcases.LoginPageTestcase" name="loginPageTitleTest" time="8.819"/>
  <system-out/>
  <testcase classname="com.crm.qa.testcases.LoginPageTestcase" name="loginTest" time="13.461"/>
  <system-out/>
</testsuite> <!-- com.crm.qa.testcases.LoginPageTestcase -->
